Fri Apr  8 15:08:47 UTC 2022: 
 tests:  0|6
total_score: 0/70
775719a
Fri Apr  8 15:22:43 UTC 2022: 
 hashmap.c | 6 +++++-
 1 file changed, 5 insertions(+), 1 deletion(-)
In file included from test.c:4:0:
hashmap.c: In function ‘createMap’:
hashmap.c:56:25: error: left-hand operand of comma expression has no effect [-Werror=unused-value]
   for(int i=0;i<capacity,i++)
                         ^
hashmap.c:56:29: error: expected ‘;’ before ‘)’ token
   for(int i=0;i<capacity,i++)
                             ^
hashmap.c:58:16: error: subscripted value is neither array nor pointer nor vector
       createMap[capacity];
                ^
cc1: all warnings being treated as errors
Compilation failed
8959f94
Fri Apr  8 15:24:04 UTC 2022: 
 hashmap.c | 2 +-
 1 file changed, 1 insertion(+), 1 deletion(-)
In file included from test.c:4:0:
hashmap.c: In function ‘createMap’:
hashmap.c:56:25: error: left-hand operand of comma expression has no effect [-Werror=unused-value]
   for(int i=0;i<capacity,i++)
                         ^
hashmap.c:56:29: error: expected ‘;’ before ‘)’ token
   for(int i=0;i<capacity,i++)
                             ^
hashmap.c:58:16: error: subscripted value is neither array nor pointer nor vector
       createMap[i]=0;
                ^
cc1: all warnings being treated as errors
Compilation failed
4998d92
Fri Apr  8 15:24:18 UTC 2022: 
 hashmap.c | 2 +-
 1 file changed, 1 insertion(+), 1 deletion(-)
In file included from test.c:4:0:
hashmap.c: In function ‘createMap’:
hashmap.c:56:25: error: left-hand operand of comma expression has no effect [-Werror=unused-value]
   for(int i=0;i<capacity,i++)
                         ^
hashmap.c:56:29: error: expected ‘;’ before ‘)’ token
   for(int i=0;i<capacity,i++)
                             ^
hashmap.c:58:7: error: ‘arreglo’ undeclared (first use in this function)
       arreglo[i]=0;
       ^~~~~~~
hashmap.c:58:7: note: each undeclared identifier is reported only once for each function it appears in
cc1: all warnings being treated as errors
Compilation failed
4022cf5
Fri Apr  8 15:24:56 UTC 2022: 
 hashmap.c | 2 +-
 1 file changed, 1 insertion(+), 1 deletion(-)
In file included from test.c:4:0:
hashmap.c: In function ‘createMap’:
hashmap.c:56:25: error: left-hand operand of comma expression has no effect [-Werror=unused-value]
   for(int i=0;i<capacity,i++)
                         ^
hashmap.c:56:29: error: expected ‘;’ before ‘)’ token
   for(int i=0;i<capacity,i++)
                             ^
hashmap.c:58:7: error: ‘map’ undeclared (first use in this function); did you mean ‘fmal’?
       map[i]=0;
       ^~~
       fmal
hashmap.c:58:7: note: each undeclared identifier is reported only once for each function it appears in
cc1: all warnings being treated as errors
Compilation failed
ad1eb74
Fri Apr  8 15:26:03 UTC 2022: 
 hashmap.c | 2 +-
 1 file changed, 1 insertion(+), 1 deletion(-)
In file included from test.c:4:0:
hashmap.c: In function ‘createMap’:
hashmap.c:56:25: error: left-hand operand of comma expression has no effect [-Werror=unused-value]
   for(int i=0;i<capacity,i++)
                         ^
hashmap.c:56:29: error: expected ‘;’ before ‘)’ token
   for(int i=0;i<capacity,i++)
                             ^
hashmap.c:58:7: error: ‘map’ undeclared (first use in this function); did you mean ‘fmal’?
       map[i]=NULL;
       ^~~
       fmal
hashmap.c:58:7: note: each undeclared identifier is reported only once for each function it appears in
cc1: all warnings being treated as errors
Compilation failed
32bc7b4
Fri Apr  8 15:33:53 UTC 2022: 
 hashmap.c | 7 ++-----
 1 file changed, 2 insertions(+), 5 deletions(-)
In file included from test.c:4:0:
hashmap.c: In function ‘tabla’:
hashmap.c:55:27: error: expected declaration specifiers before ‘malloc’
   HashMap* tabla(HashMap*)malloc(sizeof(HashMap));
                           ^~~~~~
hashmap.c:57:3: error: expected declaration specifiers before ‘return’
   return NULL;
   ^~~~~~
hashmap.c:58:1: error: expected declaration specifiers before ‘}’ token
 }
 ^
hashmap.c:60:43: error: expected ‘=’, ‘,’, ‘;’, ‘asm’ or ‘__attribute__’ before ‘{’ token
 void eraseMap(HashMap * map,  char * key) {
                                           ^
hashmap.c:65:46: error: expected ‘=’, ‘,’, ‘;’, ‘asm’ or ‘__attribute__’ before ‘{’ token
 Pair * searchMap(HashMap * map,  char * key) {
                                              ^
hashmap.c:71:32: error: expected ‘=’, ‘,’, ‘;’, ‘asm’ or ‘__attribute__’ before ‘{’ token
 Pair * firstMap(HashMap * map) {
                                ^
hashmap.c:76:31: error: expected ‘=’, ‘,’, ‘;’, ‘asm’ or ‘__attribute__’ before ‘{’ token
 Pair * nextMap(HashMap * map) {
                               ^
test.c:8:34: error: expected ‘=’, ‘,’, ‘;’, ‘asm’ or ‘__attribute__’ before ‘{’ token
 char * _strdup(const char * str) {
                                  ^
test.c:15:1: error: parameter ‘test_id’ is initialized
 int test_id = -1;
 ^~~
test.c:18:14: error: expected ‘=’, ‘,’, ‘;’, ‘asm’ or ‘__attribute__’ before ‘{’ token
 int success(){
              ^
test.c:23:24: error: expected ‘=’, ‘,’, ‘;’, ‘asm’ or ‘__attribute__’ before ‘{’ token
 void err_msg(char* msg){
                        ^
test.c:30:23: error: expected ‘=’, ‘,’, ‘;’, ‘asm’ or ‘__attribute__’ before ‘{’ token
 void ok_msg(char* msg){
                       ^
test.c:36:25: error: expected ‘=’, ‘,’, ‘;’, ‘asm’ or ‘__attribute__’ before ‘{’ token
 void info_msg(char* msg){
                         ^
test.c:41:25: error: expected ‘=’, ‘,’, ‘;’, ‘asm’ or ‘__attribute__’ before ‘{’ token
 HashMap* initializeMap(){
                         ^
test.c:64:22: error: expected ‘=’, ‘,’, ‘;’, ‘asm’ or ‘__attribute__’ before ‘{’ token
 int createMap_test1(){ //Retorna el mapa
                      ^
test.c:75:22: error: expected ‘=’, ‘,’, ‘;’, ‘asm’ or ‘__attribute__’ before ‘{’ token
 int createMap_test2(){ //Buckets nulos
                      ^
test.c:83:22: error: expected ‘=’, ‘,’, ‘;’, ‘asm’ or ‘__attribute__’ before ‘{’ token
 int createMap_test3(){ //variables
                      ^
test.c:100:18: error: expected ‘=’, ‘,’, ‘;’, ‘asm’ or ‘__attribute__’ before ‘{’ token
 void hash_test1(){ // posición válida
                  ^
test.c:111:18: error: expected ‘=’, ‘,’, ‘;’, ‘asm’ or ‘__attribute__’ before ‘{’ token
 void hash_test2(){ // colisiones
                  ^
test.c:125:18: error: expected ‘=’, ‘,’, ‘;’, ‘asm’ or ‘__attribute__’ before ‘{’ token
 void hash_test3(){ //no random
                  ^
test.c:131:20: error: expected ‘=’, ‘,’, ‘;’, ‘asm’ or ‘__attribute__’ before ‘{’ token
 void compare_test(){
                    ^
test.c:138:19: error: expected ‘=’, ‘,’, ‘;’, ‘asm’ or ‘__attribute__’ before ‘{’ token
 int insert_test1(){ //elemento con hash=3
                   ^
test.c:168:19: error: expected ‘=’, ‘,’, ‘;’, ‘asm’ or ‘__attribute__’ before ‘{’ token
 int insert_test2(){ //no se agregan repetidos
                   ^
test.c:179:19: error: expected ‘=’, ‘,’, ‘;’, ‘asm’ or ‘__attribute__’ before ‘{’ token
 int insert_test3(){ //colisión
                   ^
test.c:192:19: error: expected ‘=’, ‘,’, ‘;’, ‘asm’ or ‘__attribute__’ before ‘{’ token
 int insert_test4(){ //colisión
                   ^
test.c:217:19: error: expected ‘=’, ‘,’, ‘;’, ‘asm’ or ‘__attribute__’ before ‘{’ token
 int insert_test5(){ //factor de carga>0.7, se llama a función enlarge
                   ^
test.c:233:19: error: expected ‘=’, ‘,’, ‘;’, ‘asm’ or ‘__attribute__’ before ‘{’ token
 int search_test1(){ //busqueda de elemento insertado
                   ^
test.c:256:19: error: expected ‘=’, ‘,’, ‘;’, ‘asm’ or ‘__attribute__’ before ‘{’ token
 int search_test2(){ //busqueda de elemento colisionado
                   ^
test.c:276:19: error: expected ‘=’, ‘,’, ‘;’, ‘asm’ or ‘__attribute__’ before ‘{’ token
 int search_test3(){ //busqueda de elemento que no existe
                   ^
test.c:289:18: error: expected ‘=’, ‘,’, ‘;’, ‘asm’ or ‘__attribute__’ before ‘{’ token
 int erase_test1(){  //elimina dato
                  ^
test.c:314:18: error: expected ‘=’, ‘,’, ‘;’, ‘asm’ or ‘__attribute__’ before ‘{’ token
 int erase_test2(){  //elimina dato colisionado
                  ^
test.c:330:18: error: expected ‘=’, ‘,’, ‘;’, ‘asm’ or ‘__attribute__’ before ‘{’ token
 int erase_test3(){  //elimina dato que no existe
                  ^
test.c:345:17: error: expected ‘=’, ‘,’, ‘;’, ‘asm’ or ‘__attribute__’ before ‘{’ token
 int first_test(){
                 ^
test.c:389:16: error: expected ‘=’, ‘,’, ‘;’, ‘asm’ or ‘__attribute__’ before ‘{’ token
 int next_test(){
                ^
test.c:425:19: error: expected ‘=’, ‘,’, ‘;’, ‘asm’ or ‘__attribute__’ before ‘{’ token
 int enlarge_test(){
                   ^
test.c:453:36: error: expected ‘=’, ‘,’, ‘;’, ‘asm’ or ‘__attribute__’ before ‘{’ token
 int main( int argc, char *argv[] ) {
                                    ^
In file included from test.c:4:0:
hashmap.c:55:12: error: old-style parameter declarations in prototyped function definition
   HashMap* tabla(HashMap*)malloc(sizeof(HashMap));
            ^~~~~
hashmap.c:55:3: error: parameter name omitted
   HashMap* tabla(HashMap*)malloc(sizeof(HashMap));
   ^~~~~~~
test.c:511:1: error: expected ‘{’ at end of input
 }
 ^
test.c:511:1: error: no return statement in function returning non-void [-Werror=return-type]
test.c: In function ‘createMap’:
test.c:511:1: error: expected declaration or statement at end of input
test.c:511:1: error: control reaches end of non-void function [-Werror=return-type]
 }
 ^
In file included from test.c:4:0:
At top level:
hashmap.c:55:12: error: ‘tabla’ defined but not used [-Werror=unused-function]
   HashMap* tabla(HashMap*)malloc(sizeof(HashMap));
            ^~~~~
cc1: all warnings being treated as errors
Compilation failed
67e2678
Fri Apr  8 15:41:05 UTC 2022: 
 hashmap.c | 21 ++++++++++++++++++++-
 1 file changed, 20 insertions(+), 1 deletion(-)
In file included from test.c:4:0:
hashmap.c: In function ‘tabla’:
hashmap.c:69:27: error: expected declaration specifiers before ‘malloc’
   HashMap* tabla(HashMap*)malloc(sizeof(HashMap));
                           ^~~~~~
hashmap.c:70:3: error: expected declaration specifiers before ‘for’
   for(int i = 0,i<=capacity,i++)
   ^~~
hashmap.c:76:3: error: expected declaration specifiers before ‘return’
   return NULL;
   ^~~~~~
hashmap.c:77:1: error: expected declaration specifiers before ‘}’ token
 }
 ^
hashmap.c:79:43: error: expected ‘=’, ‘,’, ‘;’, ‘asm’ or ‘__attribute__’ before ‘{’ token
 void eraseMap(HashMap * map,  char * key) {
                                           ^
hashmap.c:84:46: error: expected ‘=’, ‘,’, ‘;’, ‘asm’ or ‘__attribute__’ before ‘{’ token
 Pair * searchMap(HashMap * map,  char * key) {
                                              ^
hashmap.c:90:32: error: expected ‘=’, ‘,’, ‘;’, ‘asm’ or ‘__attribute__’ before ‘{’ token
 Pair * firstMap(HashMap * map) {
                                ^
hashmap.c:95:31: error: expected ‘=’, ‘,’, ‘;’, ‘asm’ or ‘__attribute__’ before ‘{’ token
 Pair * nextMap(HashMap * map) {
                               ^
test.c:8:34: error: expected ‘=’, ‘,’, ‘;’, ‘asm’ or ‘__attribute__’ before ‘{’ token
 char * _strdup(const char * str) {
                                  ^
test.c:15:1: error: parameter ‘test_id’ is initialized
 int test_id = -1;
 ^~~
test.c:18:14: error: expected ‘=’, ‘,’, ‘;’, ‘asm’ or ‘__attribute__’ before ‘{’ token
 int success(){
              ^
test.c:23:24: error: expected ‘=’, ‘,’, ‘;’, ‘asm’ or ‘__attribute__’ before ‘{’ token
 void err_msg(char* msg){
                        ^
test.c:30:23: error: expected ‘=’, ‘,’, ‘;’, ‘asm’ or ‘__attribute__’ before ‘{’ token
 void ok_msg(char* msg){
                       ^
test.c:36:25: error: expected ‘=’, ‘,’, ‘;’, ‘asm’ or ‘__attribute__’ before ‘{’ token
 void info_msg(char* msg){
                         ^
test.c:41:25: error: expected ‘=’, ‘,’, ‘;’, ‘asm’ or ‘__attribute__’ before ‘{’ token
 HashMap* initializeMap(){
                         ^
test.c:64:22: error: expected ‘=’, ‘,’, ‘;’, ‘asm’ or ‘__attribute__’ before ‘{’ token
 int createMap_test1(){ //Retorna el mapa
                      ^
test.c:75:22: error: expected ‘=’, ‘,’, ‘;’, ‘asm’ or ‘__attribute__’ before ‘{’ token
 int createMap_test2(){ //Buckets nulos
                      ^
test.c:83:22: error: expected ‘=’, ‘,’, ‘;’, ‘asm’ or ‘__attribute__’ before ‘{’ token
 int createMap_test3(){ //variables
                      ^
test.c:100:18: error: expected ‘=’, ‘,’, ‘;’, ‘asm’ or ‘__attribute__’ before ‘{’ token
 void hash_test1(){ // posición válida
                  ^
test.c:111:18: error: expected ‘=’, ‘,’, ‘;’, ‘asm’ or ‘__attribute__’ before ‘{’ token
 void hash_test2(){ // colisiones
                  ^
test.c:125:18: error: expected ‘=’, ‘,’, ‘;’, ‘asm’ or ‘__attribute__’ before ‘{’ token
 void hash_test3(){ //no random
                  ^
test.c:131:20: error: expected ‘=’, ‘,’, ‘;’, ‘asm’ or ‘__attribute__’ before ‘{’ token
 void compare_test(){
                    ^
test.c:138:19: error: expected ‘=’, ‘,’, ‘;’, ‘asm’ or ‘__attribute__’ before ‘{’ token
 int insert_test1(){ //elemento con hash=3
                   ^
test.c:168:19: error: expected ‘=’, ‘,’, ‘;’, ‘asm’ or ‘__attribute__’ before ‘{’ token
 int insert_test2(){ //no se agregan repetidos
                   ^
test.c:179:19: error: expected ‘=’, ‘,’, ‘;’, ‘asm’ or ‘__attribute__’ before ‘{’ token
 int insert_test3(){ //colisión
                   ^
test.c:192:19: error: expected ‘=’, ‘,’, ‘;’, ‘asm’ or ‘__attribute__’ before ‘{’ token
 int insert_test4(){ //colisión
                   ^
test.c:217:19: error: expected ‘=’, ‘,’, ‘;’, ‘asm’ or ‘__attribute__’ before ‘{’ token
 int insert_test5(){ //factor de carga>0.7, se llama a función enlarge
                   ^
test.c:233:19: error: expected ‘=’, ‘,’, ‘;’, ‘asm’ or ‘__attribute__’ before ‘{’ token
 int search_test1(){ //busqueda de elemento insertado
                   ^
test.c:256:19: error: expected ‘=’, ‘,’, ‘;’, ‘asm’ or ‘__attribute__’ before ‘{’ token
 int search_test2(){ //busqueda de elemento colisionado
                   ^
test.c:276:19: error: expected ‘=’, ‘,’, ‘;’, ‘asm’ or ‘__attribute__’ before ‘{’ token
 int search_test3(){ //busqueda de elemento que no existe
                   ^
test.c:289:18: error: expected ‘=’, ‘,’, ‘;’, ‘asm’ or ‘__attribute__’ before ‘{’ token
 int erase_test1(){  //elimina dato
                  ^
test.c:314:18: error: expected ‘=’, ‘,’, ‘;’, ‘asm’ or ‘__attribute__’ before ‘{’ token
 int erase_test2(){  //elimina dato colisionado
                  ^
test.c:330:18: error: expected ‘=’, ‘,’, ‘;’, ‘asm’ or ‘__attribute__’ before ‘{’ token
 int erase_test3(){  //elimina dato que no existe
                  ^
test.c:345:17: error: expected ‘=’, ‘,’, ‘;’, ‘asm’ or ‘__attribute__’ before ‘{’ token
 int first_test(){
                 ^
test.c:389:16: error: expected ‘=’, ‘,’, ‘;’, ‘asm’ or ‘__attribute__’ before ‘{’ token
 int next_test(){
                ^
test.c:425:19: error: expected ‘=’, ‘,’, ‘;’, ‘asm’ or ‘__attribute__’ before ‘{’ token
 int enlarge_test(){
                   ^
test.c:453:36: error: expected ‘=’, ‘,’, ‘;’, ‘asm’ or ‘__attribute__’ before ‘{’ token
 int main( int argc, char *argv[] ) {
                                    ^
In file included from test.c:4:0:
hashmap.c:69:12: error: old-style parameter declarations in prototyped function definition
   HashMap* tabla(HashMap*)malloc(sizeof(HashMap));
            ^~~~~
hashmap.c:69:3: error: parameter name omitted
   HashMap* tabla(HashMap*)malloc(sizeof(HashMap));
   ^~~~~~~
test.c:511:1: error: expected ‘{’ at end of input
 }
 ^
test.c:511:1: error: no return statement in function returning non-void [-Werror=return-type]
test.c: In function ‘createMap’:
test.c:511:1: error: expected declaration or statement at end of input
test.c:511:1: error: control reaches end of non-void function [-Werror=return-type]
 }
 ^
In file included from test.c:4:0:
At top level:
hashmap.c:69:12: error: ‘tabla’ defined but not used [-Werror=unused-function]
   HashMap* tabla(HashMap*)malloc(sizeof(HashMap));
            ^~~~~
cc1: all warnings being treated as errors
Compilation failed
9c32ce2
Fri Apr  8 15:41:18 UTC 2022: 
 hashmap.c | 2 +-
 1 file changed, 1 insertion(+), 1 deletion(-)
In file included from test.c:4:0:
hashmap.c: In function ‘tabla’:
hashmap.c:69:27: error: expected declaration specifiers before ‘malloc’
   HashMap* tabla(HashMap*)malloc(sizeof(HashMap*));
                           ^~~~~~
hashmap.c:70:3: error: expected declaration specifiers before ‘for’
   for(int i = 0,i<=capacity,i++)
   ^~~
hashmap.c:76:3: error: expected declaration specifiers before ‘return’
   return NULL;
   ^~~~~~
hashmap.c:77:1: error: expected declaration specifiers before ‘}’ token
 }
 ^
hashmap.c:79:43: error: expected ‘=’, ‘,’, ‘;’, ‘asm’ or ‘__attribute__’ before ‘{’ token
 void eraseMap(HashMap * map,  char * key) {
                                           ^
hashmap.c:84:46: error: expected ‘=’, ‘,’, ‘;’, ‘asm’ or ‘__attribute__’ before ‘{’ token
 Pair * searchMap(HashMap * map,  char * key) {
                                              ^
hashmap.c:90:32: error: expected ‘=’, ‘,’, ‘;’, ‘asm’ or ‘__attribute__’ before ‘{’ token
 Pair * firstMap(HashMap * map) {
                                ^
hashmap.c:95:31: error: expected ‘=’, ‘,’, ‘;’, ‘asm’ or ‘__attribute__’ before ‘{’ token
 Pair * nextMap(HashMap * map) {
                               ^
test.c:8:34: error: expected ‘=’, ‘,’, ‘;’, ‘asm’ or ‘__attribute__’ before ‘{’ token
 char * _strdup(const char * str) {
                                  ^
test.c:15:1: error: parameter ‘test_id’ is initialized
 int test_id = -1;
 ^~~
test.c:18:14: error: expected ‘=’, ‘,’, ‘;’, ‘asm’ or ‘__attribute__’ before ‘{’ token
 int success(){
              ^
test.c:23:24: error: expected ‘=’, ‘,’, ‘;’, ‘asm’ or ‘__attribute__’ before ‘{’ token
 void err_msg(char* msg){
                        ^
test.c:30:23: error: expected ‘=’, ‘,’, ‘;’, ‘asm’ or ‘__attribute__’ before ‘{’ token
 void ok_msg(char* msg){
                       ^
test.c:36:25: error: expected ‘=’, ‘,’, ‘;’, ‘asm’ or ‘__attribute__’ before ‘{’ token
 void info_msg(char* msg){
                         ^
test.c:41:25: error: expected ‘=’, ‘,’, ‘;’, ‘asm’ or ‘__attribute__’ before ‘{’ token
 HashMap* initializeMap(){
                         ^
test.c:64:22: error: expected ‘=’, ‘,’, ‘;’, ‘asm’ or ‘__attribute__’ before ‘{’ token
 int createMap_test1(){ //Retorna el mapa
                      ^
test.c:75:22: error: expected ‘=’, ‘,’, ‘;’, ‘asm’ or ‘__attribute__’ before ‘{’ token
 int createMap_test2(){ //Buckets nulos
                      ^
test.c:83:22: error: expected ‘=’, ‘,’, ‘;’, ‘asm’ or ‘__attribute__’ before ‘{’ token
 int createMap_test3(){ //variables
                      ^
test.c:100:18: error: expected ‘=’, ‘,’, ‘;’, ‘asm’ or ‘__attribute__’ before ‘{’ token
 void hash_test1(){ // posición válida
                  ^
test.c:111:18: error: expected ‘=’, ‘,’, ‘;’, ‘asm’ or ‘__attribute__’ before ‘{’ token
 void hash_test2(){ // colisiones
                  ^
test.c:125:18: error: expected ‘=’, ‘,’, ‘;’, ‘asm’ or ‘__attribute__’ before ‘{’ token
 void hash_test3(){ //no random
                  ^
test.c:131:20: error: expected ‘=’, ‘,’, ‘;’, ‘asm’ or ‘__attribute__’ before ‘{’ token
 void compare_test(){
                    ^
test.c:138:19: error: expected ‘=’, ‘,’, ‘;’, ‘asm’ or ‘__attribute__’ before ‘{’ token
 int insert_test1(){ //elemento con hash=3
                   ^
test.c:168:19: error: expected ‘=’, ‘,’, ‘;’, ‘asm’ or ‘__attribute__’ before ‘{’ token
 int insert_test2(){ //no se agregan repetidos
                   ^
test.c:179:19: error: expected ‘=’, ‘,’, ‘;’, ‘asm’ or ‘__attribute__’ before ‘{’ token
 int insert_test3(){ //colisión
                   ^
test.c:192:19: error: expected ‘=’, ‘,’, ‘;’, ‘asm’ or ‘__attribute__’ before ‘{’ token
 int insert_test4(){ //colisión
                   ^
test.c:217:19: error: expected ‘=’, ‘,’, ‘;’, ‘asm’ or ‘__attribute__’ before ‘{’ token
 int insert_test5(){ //factor de carga>0.7, se llama a función enlarge
                   ^
test.c:233:19: error: expected ‘=’, ‘,’, ‘;’, ‘asm’ or ‘__attribute__’ before ‘{’ token
 int search_test1(){ //busqueda de elemento insertado
                   ^
test.c:256:19: error: expected ‘=’, ‘,’, ‘;’, ‘asm’ or ‘__attribute__’ before ‘{’ token
 int search_test2(){ //busqueda de elemento colisionado
                   ^
test.c:276:19: error: expected ‘=’, ‘,’, ‘;’, ‘asm’ or ‘__attribute__’ before ‘{’ token
 int search_test3(){ //busqueda de elemento que no existe
                   ^
test.c:289:18: error: expected ‘=’, ‘,’, ‘;’, ‘asm’ or ‘__attribute__’ before ‘{’ token
 int erase_test1(){  //elimina dato
                  ^
test.c:314:18: error: expected ‘=’, ‘,’, ‘;’, ‘asm’ or ‘__attribute__’ before ‘{’ token
 int erase_test2(){  //elimina dato colisionado
                  ^
test.c:330:18: error: expected ‘=’, ‘,’, ‘;’, ‘asm’ or ‘__attribute__’ before ‘{’ token
 int erase_test3(){  //elimina dato que no existe
                  ^
test.c:345:17: error: expected ‘=’, ‘,’, ‘;’, ‘asm’ or ‘__attribute__’ before ‘{’ token
 int first_test(){
                 ^
test.c:389:16: error: expected ‘=’, ‘,’, ‘;’, ‘asm’ or ‘__attribute__’ before ‘{’ token
 int next_test(){
                ^
test.c:425:19: error: expected ‘=’, ‘,’, ‘;’, ‘asm’ or ‘__attribute__’ before ‘{’ token
 int enlarge_test(){
                   ^
test.c:453:36: error: expected ‘=’, ‘,’, ‘;’, ‘asm’ or ‘__attribute__’ before ‘{’ token
 int main( int argc, char *argv[] ) {
                                    ^
In file included from test.c:4:0:
hashmap.c:69:12: error: old-style parameter declarations in prototyped function definition
   HashMap* tabla(HashMap*)malloc(sizeof(HashMap*));
            ^~~~~
hashmap.c:69:3: error: parameter name omitted
   HashMap* tabla(HashMap*)malloc(sizeof(HashMap*));
   ^~~~~~~
test.c:511:1: error: expected ‘{’ at end of input
 }
 ^
test.c:511:1: error: no return statement in function returning non-void [-Werror=return-type]
test.c: In function ‘createMap’:
test.c:511:1: error: expected declaration or statement at end of input
test.c:511:1: error: control reaches end of non-void function [-Werror=return-type]
 }
 ^
In file included from test.c:4:0:
At top level:
hashmap.c:69:12: error: ‘tabla’ defined but not used [-Werror=unused-function]
   HashMap* tabla(HashMap*)malloc(sizeof(HashMap*));
            ^~~~~
cc1: all warnings being treated as errors
Compilation failed
845a053
Fri Apr  8 15:41:52 UTC 2022: 
 hashmap.c | 2 +-
 1 file changed, 1 insertion(+), 1 deletion(-)
In file included from test.c:4:0:
hashmap.c: In function ‘tabla’:
hashmap.c:69:27: error: expected declaration specifiers before ‘malloc’
   HashMap* tabla(HashMap*)malloc(sizeof(HashMap*));
                           ^~~~~~
hashmap.c:70:3: error: expected declaration specifiers before ‘for’
   for(int i = 0,i<=capacity,i++)
   ^~~
hashmap.c:76:3: error: expected declaration specifiers before ‘return’
   return tabla;
   ^~~~~~
hashmap.c:77:1: error: expected declaration specifiers before ‘}’ token
 }
 ^
hashmap.c:79:43: error: expected ‘=’, ‘,’, ‘;’, ‘asm’ or ‘__attribute__’ before ‘{’ token
 void eraseMap(HashMap * map,  char * key) {
                                           ^
hashmap.c:84:46: error: expected ‘=’, ‘,’, ‘;’, ‘asm’ or ‘__attribute__’ before ‘{’ token
 Pair * searchMap(HashMap * map,  char * key) {
                                              ^
hashmap.c:90:32: error: expected ‘=’, ‘,’, ‘;’, ‘asm’ or ‘__attribute__’ before ‘{’ token
 Pair * firstMap(HashMap * map) {
                                ^
hashmap.c:95:31: error: expected ‘=’, ‘,’, ‘;’, ‘asm’ or ‘__attribute__’ before ‘{’ token
 Pair * nextMap(HashMap * map) {
                               ^
test.c:8:34: error: expected ‘=’, ‘,’, ‘;’, ‘asm’ or ‘__attribute__’ before ‘{’ token
 char * _strdup(const char * str) {
                                  ^
test.c:15:1: error: parameter ‘test_id’ is initialized
 int test_id = -1;
 ^~~
test.c:18:14: error: expected ‘=’, ‘,’, ‘;’, ‘asm’ or ‘__attribute__’ before ‘{’ token
 int success(){
              ^
test.c:23:24: error: expected ‘=’, ‘,’, ‘;’, ‘asm’ or ‘__attribute__’ before ‘{’ token
 void err_msg(char* msg){
                        ^
test.c:30:23: error: expected ‘=’, ‘,’, ‘;’, ‘asm’ or ‘__attribute__’ before ‘{’ token
 void ok_msg(char* msg){
                       ^
test.c:36:25: error: expected ‘=’, ‘,’, ‘;’, ‘asm’ or ‘__attribute__’ before ‘{’ token
 void info_msg(char* msg){
                         ^
test.c:41:25: error: expected ‘=’, ‘,’, ‘;’, ‘asm’ or ‘__attribute__’ before ‘{’ token
 HashMap* initializeMap(){
                         ^
test.c:64:22: error: expected ‘=’, ‘,’, ‘;’, ‘asm’ or ‘__attribute__’ before ‘{’ token
 int createMap_test1(){ //Retorna el mapa
                      ^
test.c:75:22: error: expected ‘=’, ‘,’, ‘;’, ‘asm’ or ‘__attribute__’ before ‘{’ token
 int createMap_test2(){ //Buckets nulos
                      ^
test.c:83:22: error: expected ‘=’, ‘,’, ‘;’, ‘asm’ or ‘__attribute__’ before ‘{’ token
 int createMap_test3(){ //variables
                      ^
test.c:100:18: error: expected ‘=’, ‘,’, ‘;’, ‘asm’ or ‘__attribute__’ before ‘{’ token
 void hash_test1(){ // posición válida
                  ^
test.c:111:18: error: expected ‘=’, ‘,’, ‘;’, ‘asm’ or ‘__attribute__’ before ‘{’ token
 void hash_test2(){ // colisiones
                  ^
test.c:125:18: error: expected ‘=’, ‘,’, ‘;’, ‘asm’ or ‘__attribute__’ before ‘{’ token
 void hash_test3(){ //no random
                  ^
test.c:131:20: error: expected ‘=’, ‘,’, ‘;’, ‘asm’ or ‘__attribute__’ before ‘{’ token
 void compare_test(){
                    ^
test.c:138:19: error: expected ‘=’, ‘,’, ‘;’, ‘asm’ or ‘__attribute__’ before ‘{’ token
 int insert_test1(){ //elemento con hash=3
                   ^
test.c:168:19: error: expected ‘=’, ‘,’, ‘;’, ‘asm’ or ‘__attribute__’ before ‘{’ token
 int insert_test2(){ //no se agregan repetidos
                   ^
test.c:179:19: error: expected ‘=’, ‘,’, ‘;’, ‘asm’ or ‘__attribute__’ before ‘{’ token
 int insert_test3(){ //colisión
                   ^
test.c:192:19: error: expected ‘=’, ‘,’, ‘;’, ‘asm’ or ‘__attribute__’ before ‘{’ token
 int insert_test4(){ //colisión
                   ^
test.c:217:19: error: expected ‘=’, ‘,’, ‘;’, ‘asm’ or ‘__attribute__’ before ‘{’ token
 int insert_test5(){ //factor de carga>0.7, se llama a función enlarge
                   ^
test.c:233:19: error: expected ‘=’, ‘,’, ‘;’, ‘asm’ or ‘__attribute__’ before ‘{’ token
 int search_test1(){ //busqueda de elemento insertado
                   ^
test.c:256:19: error: expected ‘=’, ‘,’, ‘;’, ‘asm’ or ‘__attribute__’ before ‘{’ token
 int search_test2(){ //busqueda de elemento colisionado
                   ^
test.c:276:19: error: expected ‘=’, ‘,’, ‘;’, ‘asm’ or ‘__attribute__’ before ‘{’ token
 int search_test3(){ //busqueda de elemento que no existe
                   ^
test.c:289:18: error: expected ‘=’, ‘,’, ‘;’, ‘asm’ or ‘__attribute__’ before ‘{’ token
 int erase_test1(){  //elimina dato
                  ^
test.c:314:18: error: expected ‘=’, ‘,’, ‘;’, ‘asm’ or ‘__attribute__’ before ‘{’ token
 int erase_test2(){  //elimina dato colisionado
                  ^
test.c:330:18: error: expected ‘=’, ‘,’, ‘;’, ‘asm’ or ‘__attribute__’ before ‘{’ token
 int erase_test3(){  //elimina dato que no existe
                  ^
test.c:345:17: error: expected ‘=’, ‘,’, ‘;’, ‘asm’ or ‘__attribute__’ before ‘{’ token
 int first_test(){
                 ^
test.c:389:16: error: expected ‘=’, ‘,’, ‘;’, ‘asm’ or ‘__attribute__’ before ‘{’ token
 int next_test(){
                ^
test.c:425:19: error: expected ‘=’, ‘,’, ‘;’, ‘asm’ or ‘__attribute__’ before ‘{’ token
 int enlarge_test(){
                   ^
test.c:453:36: error: expected ‘=’, ‘,’, ‘;’, ‘asm’ or ‘__attribute__’ before ‘{’ token
 int main( int argc, char *argv[] ) {
                                    ^
In file included from test.c:4:0:
hashmap.c:69:12: error: old-style parameter declarations in prototyped function definition
   HashMap* tabla(HashMap*)malloc(sizeof(HashMap*));
            ^~~~~
hashmap.c:69:3: error: parameter name omitted
   HashMap* tabla(HashMap*)malloc(sizeof(HashMap*));
   ^~~~~~~
test.c:511:1: error: expected ‘{’ at end of input
 }
 ^
test.c:511:1: error: no return statement in function returning non-void [-Werror=return-type]
test.c: In function ‘createMap’:
test.c:511:1: error: expected declaration or statement at end of input
test.c:511:1: error: control reaches end of non-void function [-Werror=return-type]
 }
 ^
In file included from test.c:4:0:
At top level:
hashmap.c:69:12: error: ‘tabla’ defined but not used [-Werror=unused-function]
   HashMap* tabla(HashMap*)malloc(sizeof(HashMap*));
            ^~~~~
cc1: all warnings being treated as errors
Compilation failed
8db686d
Fri Apr  8 15:48:02 UTC 2022: 
 hashmap.c | 16 +++++++++++-----
 1 file changed, 11 insertions(+), 5 deletions(-)
In file included from test.c:4:0:
hashmap.c: In function ‘createMap’:
hashmap.c:73:37: error: assignment makes integer from pointer without a cast [-Werror=int-conversion]
  for (i=0;i<capacity;i++) buckets[i]=NULL;
                                     ^
hashmap.c:76:18: error: expected ‘=’, ‘,’, ‘;’, ‘asm’ or ‘__attribute__’ before ‘<=’ token
   for(int i = 0,i<=capacity,i++)
                  ^~
hashmap.c:82:3: error: expected expression before ‘return’
   return tabla;
   ^~~~~~
hashmap.c:83:1: error: expected expression before ‘}’ token
 }
 ^
hashmap.c:83:1: error: expected expression before ‘}’ token
hashmap.c:76:11: error: unused variable ‘i’ [-Werror=unused-variable]
   for(int i = 0,i<=capacity,i++)
           ^
hashmap.c:72:7: error: variable ‘buckets’ set but not used [-Werror=unused-but-set-variable]
   int buckets[capacity],i;
       ^~~~~~~
hashmap.c:68:12: error: unused variable ‘tabla’ [-Werror=unused-variable]
   HashMap* tabla=(HashMap*)malloc(sizeof(HashMap*));
            ^~~~~
hashmap.c:83:1: error: control reaches end of non-void function [-Werror=return-type]
 }
 ^
cc1: all warnings being treated as errors
Compilation failed
2aa50c9
Fri Apr  8 15:54:17 UTC 2022: 
 hashmap.c | 24 +++++++++++++++---------
 1 file changed, 15 insertions(+), 9 deletions(-)
In file included from test.c:4:0:
hashmap.c: In function ‘createMap’:
hashmap.c:73:15: error: ‘size’ undeclared (first use in this function); did you mean ‘sinl’?
   tabla->size=size;
               ^~~~
               sinl
hashmap.c:73:15: note: each undeclared identifier is reported only once for each function it appears in
Compilation failed
754f048
Fri Apr  8 15:54:36 UTC 2022: 
 hashmap.c | 3 +--
 1 file changed, 1 insertion(+), 2 deletions(-)
In file included from test.c:4:0:
hashmap.c: In function ‘createMap’:
hashmap.c:72:15: error: ‘size’ undeclared (first use in this function); did you mean ‘sinl’?
   tabla->size=size;
               ^~~~
               sinl
hashmap.c:72:15: note: each undeclared identifier is reported only once for each function it appears in
Compilation failed
0b9f389
Fri Apr  8 15:56:55 UTC 2022: 
 hashmap.c | 27 +++++++++------------------
 1 file changed, 9 insertions(+), 18 deletions(-)
In file included from test.c:4:0:
hashmap.c: In function ‘createMap’:
hashmap.c:68:3: error: expected ‘;’ before ‘for’
   for (i=0;i<=capacity;i++)
   ^~~
hashmap.c:74:15: error: ‘size’ undeclared (first use in this function); did you mean ‘sinl’?
   tabla->size=size;
               ^~~~
               sinl
hashmap.c:74:15: note: each undeclared identifier is reported only once for each function it appears in
Compilation failed
fb89f80
Fri Apr  8 15:57:06 UTC 2022: 
 hashmap.c | 2 +-
 1 file changed, 1 insertion(+), 1 deletion(-)
In file included from test.c:4:0:
hashmap.c: In function ‘createMap’:
hashmap.c:68:8: error: ‘i’ undeclared (first use in this function)
   for (i=0;i<=capacity;i++)
        ^
hashmap.c:68:8: note: each undeclared identifier is reported only once for each function it appears in
hashmap.c:70:8: error: ‘buckets’ undeclared (first use in this function)
        buckets[i]=NULL;
        ^~~~~~~
hashmap.c:74:15: error: ‘size’ undeclared (first use in this function); did you mean ‘sinl’?
   tabla->size=size;
               ^~~~
               sinl
Compilation failed
7cf908f
Fri Apr  8 15:57:14 UTC 2022: 
 hashmap.c | 2 +-
 1 file changed, 1 insertion(+), 1 deletion(-)
In file included from test.c:4:0:
hashmap.c: In function ‘createMap’:
hashmap.c:70:8: error: ‘buckets’ undeclared (first use in this function)
        buckets[i]=NULL;
        ^~~~~~~
hashmap.c:70:8: note: each undeclared identifier is reported only once for each function it appears in
hashmap.c:74:15: error: ‘size’ undeclared (first use in this function); did you mean ‘sinl’?
   tabla->size=size;
               ^~~~
               sinl
Compilation failed
ac05928
Fri Apr  8 15:57:53 UTC 2022: 
 hashmap.c | 2 +-
 1 file changed, 1 insertion(+), 1 deletion(-)
In file included from test.c:4:0:
hashmap.c: In function ‘createMap’:
hashmap.c:70:8: error: ‘buckets’ undeclared (first use in this function)
        buckets[i]=NULL;
        ^~~~~~~
hashmap.c:70:8: note: each undeclared identifier is reported only once for each function it appears in
Compilation failed
75e74f9
Fri Apr  8 15:58:01 UTC 2022: 
 hashmap.c | 2 +-
 1 file changed, 1 insertion(+), 1 deletion(-)
In file included from test.c:4:0:
hashmap.c: In function ‘createMap’:
hashmap.c:70:8: error: ‘buckets’ undeclared (first use in this function)
        buckets[i]=NULL;
        ^~~~~~~
hashmap.c:70:8: note: each undeclared identifier is reported only once for each function it appears in
Compilation failed
04cbf79
Fri Apr  8 15:59:29 UTC 2022: 
 hashmap.c | 4 ++--
 1 file changed, 2 insertions(+), 2 deletions(-)
 tests:  0|0
23e4903
Fri Apr  8 16:00:51 UTC 2022: 
 hashmap.c | 8 ++++----
 1 file changed, 4 insertions(+), 4 deletions(-)
 tests:  1|5
total_score: 10/70
d036f7b
Fri Apr  8 16:03:12 UTC 2022: 
 hashmap.c | 16 +---------------
 1 file changed, 1 insertion(+), 15 deletions(-)
 tests:  1|5
total_score: 10/70
0ce3e9e
Fri Apr  8 16:05:58 UTC 2022: 
 hashmap.c | 4 ++++
 1 file changed, 4 insertions(+)
 tests:  0|0
ccac71c
Fri Apr  8 16:06:07 UTC 2022: 
 hashmap.c | 2 +-
 1 file changed, 1 insertion(+), 1 deletion(-)
 tests:  1|5
total_score: 10/70
822c0ef
Fri Apr  8 16:16:57 UTC 2022: 
 hashmap.c | 18 +++++++++++++++++-
 1 file changed, 17 insertions(+), 1 deletion(-)
In file included from test.c:4:0:
hashmap.c: In function ‘searchMap’:
hashmap.c:85:12: error: array subscript is not an integer
   while(map[key]!=NULL)
            ^
hashmap.c:87:13: error: array subscript is not an integer
       if(map[key] == key)
             ^
hashmap.c:88:19: error: array subscript is not an integer
         return map[key];
                   ^
Compilation failed
3784a00
Fri Apr  8 16:18:10 UTC 2022: 
 hashmap.c | 7 +++----
 1 file changed, 3 insertions(+), 4 deletions(-)
In file included from test.c:4:0:
hashmap.c: In function ‘searchMap’:
hashmap.c:85:12: error: ‘HashMap {aka struct HashMap}’ has no member named ‘key’
   while(map->key!=NULL)
            ^~
hashmap.c:87:13: error: ‘HashMap {aka struct HashMap}’ has no member named ‘key’
       if(map->key == key)
             ^~
hashmap.c:88:19: error: ‘HashMap {aka struct HashMap}’ has no member named ‘key’
         return map->key;
                   ^~
Compilation failed
b6d473d
Fri Apr  8 16:20:39 UTC 2022: 
 hashmap.c | 6 +++---
 1 file changed, 3 insertions(+), 3 deletions(-)
In file included from test.c:4:0:
hashmap.c: In function ‘searchMap’:
hashmap.c:86:12: error: array subscript is not an integer
   while(map[key]!=NULL)
            ^
hashmap.c:88:13: error: array subscript is not an integer
       if(map[key] == key)
             ^
hashmap.c:89:19: error: array subscript is not an integer
         return map[key];
                   ^
Compilation failed
d3bc3c5
Sat Apr  9 17:24:59 UTC 2022: 
 hashmap.c | 4 +++-
 1 file changed, 3 insertions(+), 1 deletion(-)
In file included from test.c:4:0:
hashmap.c: In function ‘searchMap’:
hashmap.c:88:12: error: array subscript is not an integer
   while(map[key]!=NULL)
            ^
hashmap.c:90:13: error: array subscript is not an integer
       if(map[key] == key)
             ^
hashmap.c:91:19: error: array subscript is not an integer
         return map[key];
                   ^
Compilation failed
74a1110
Sat Apr  9 17:25:16 UTC 2022: 
 hashmap.c | 10 +++++-----
 1 file changed, 5 insertions(+), 5 deletions(-)
 tests:  1|5
total_score: 10/70
18a93cf
Sat Apr  9 17:31:32 UTC 2022: 
 hashmap.c | 11 ++++++++++-
 1 file changed, 10 insertions(+), 1 deletion(-)
In file included from test.c:4:0:
hashmap.c: In function ‘searchMap’:
hashmap.c:85:3: error: unknown type name ‘nodo’
   nodo *p=tabla[key];
   ^~~~
hashmap.c:85:11: error: ‘tabla’ undeclared (first use in this function); did you mean ‘tanl’?
   nodo *p=tabla[key];
           ^~~~~
           tanl
hashmap.c:85:11: note: each undeclared identifier is reported only once for each function it appears in
hashmap.c:88:13: error: array subscript is not an integer
       if(map[key]==0)
             ^
hashmap.c:90:19: error: array subscript is not an integer
         return map[key];
                   ^
hashmap.c:93:9: error: array subscript is not an integer
     }p=p[key+1];
         ^
Compilation failed
16daf62
Sat Apr  9 17:52:03 UTC 2022: 
 hashmap.c | 17 +++++++----------
 1 file changed, 7 insertions(+), 10 deletions(-)
In file included from test.c:4:0:
hashmap.c: In function ‘searchMap’:
hashmap.c:86:3: error: expected ‘,’ or ‘;’ before ‘while’
   while(map->buckets[index]!=NULL)
   ^~~~~
hashmap.c:85:7: error: unused variable ‘index’ [-Werror=unused-variable]
   int index=hash(key,map->capacity)
       ^~~~~
cc1: all warnings being treated as errors
Compilation failed
dec4b35
Sat Apr  9 17:52:27 UTC 2022: 
 hashmap.c | 2 +-
 1 file changed, 1 insertion(+), 1 deletion(-)
In file included from test.c:4:0:
hashmap.c: In function ‘searchMap’:
hashmap.c:86:3: error: expected ‘,’ or ‘;’ before ‘while’
   while(map->buckets[index]!=NULL)
   ^~~~~
hashmap.c:85:8: error: unused variable ‘index’ [-Werror=unused-variable]
   long index=hash(key,map->capacity)
        ^~~~~
cc1: all warnings being treated as errors
Compilation failed
6e10cd5
Sat Apr  9 17:52:40 UTC 2022: 
 hashmap.c | 2 +-
 1 file changed, 1 insertion(+), 1 deletion(-)
In file included from test.c:4:0:
hashmap.c: In function ‘searchMap’:
hashmap.c:93:14: error: expected ‘;’ before ‘:’ token
       index++:
              ^
Compilation failed
908c4b9
Sat Apr  9 17:52:48 UTC 2022: 
 hashmap.c | 2 +-
 1 file changed, 1 insertion(+), 1 deletion(-)
 tests:  1|5
total_score: 10/70
b155d56
Sat Apr  9 17:54:29 UTC 2022: 
 hashmap.c | 2 +-
 1 file changed, 1 insertion(+), 1 deletion(-)
 tests:  1|5
total_score: 10/70
560e4d0
Sat Apr  9 17:54:51 UTC 2022: 
 hashmap.c | 2 +-
 1 file changed, 1 insertion(+), 1 deletion(-)
 tests:  1|5
total_score: 10/70
e909085
Sat Apr  9 17:58:19 UTC 2022: 
 hashmap.c | 5 ++++-
 1 file changed, 4 insertions(+), 1 deletion(-)
 tests:  1|5
total_score: 10/70
d677361
Sat Apr  9 17:58:30 UTC 2022: 
 hashmap.c | 2 +-
 1 file changed, 1 insertion(+), 1 deletion(-)
 tests:  1|5
total_score: 10/70
a5b59b8
Sat Apr  9 17:58:57 UTC 2022: 
 hashmap.c | 2 +-
 1 file changed, 1 insertion(+), 1 deletion(-)
 tests:  1|5
total_score: 10/70
b9da107
Sat Apr  9 23:02:18 UTC 2022: 
 hashmap.c | 2 +-
 1 file changed, 1 insertion(+), 1 deletion(-)
 tests:  1|5
total_score: 10/70
b2c20d7
Sat Apr  9 23:06:25 UTC 2022: 
 hashmap.c | 8 ++++----
 1 file changed, 4 insertions(+), 4 deletions(-)
 tests:  1|5
total_score: 10/70
121c2d7
Sat Apr  9 23:06:54 UTC 2022: 
 hashmap.c | 8 ++++----
 1 file changed, 4 insertions(+), 4 deletions(-)
 tests:  1|5
total_score: 10/70
9392c2e
Sat Apr  9 23:14:20 UTC 2022: 
 hashmap.c | 1 +
 1 file changed, 1 insertion(+)
 tests:  1|5
total_score: 10/70
5e65731
Sat Apr  9 23:16:02 UTC 2022: 
 hashmap.c | 1 +
 1 file changed, 1 insertion(+)
 tests:  1|5
total_score: 10/70
9ccfcc1
Sat Apr  9 23:16:28 UTC 2022: 
 hashmap.c | 2 +-
 1 file changed, 1 insertion(+), 1 deletion(-)
 tests:  1|5
total_score: 10/70
d6a3d10
Sat Apr  9 23:16:54 UTC 2022: 
 hashmap.c | 3 +--
 1 file changed, 1 insertion(+), 2 deletions(-)
 tests:  4|4
total_score: 20/70
ace8696
Sat Apr  9 23:35:19 UTC 2022: 
 hashmap.c | 12 ------------
 1 file changed, 12 deletions(-)
 tests:  4|4
total_score: 20/70
76d24bb
Sun Apr 10 00:04:47 UTC 2022: 
 hashmap.c | 16 ++++++++++++++--
 1 file changed, 14 insertions(+), 2 deletions(-)
 tests:  7|3
total_score: 30/70
e5ee461
Sun Apr 10 00:06:27 UTC 2022: 
 hashmap.c | 3 ---
 1 file changed, 3 deletions(-)
 tests:  7|3
total_score: 30/70
6afb09a
Sun Apr 10 00:07:57 UTC 2022: 
 hashmap.c | 15 +++++++++------
 1 file changed, 9 insertions(+), 6 deletions(-)
 tests:  7|3
total_score: 30/70
377e464
Sun Apr 10 02:17:08 UTC 2022: 
 hashmap.c | 13 +++++++++++++
 1 file changed, 13 insertions(+)
In file included from test.c:4:0:
hashmap.c: In function ‘firstMap’:
hashmap.c:107:25: error: ‘*map->buckets’ is a pointer; did you mean to use ‘->’?
          if(map->buckets->key=NULL);
                         ^~
                         ->
hashmap.c:107:10: error: this ‘if’ clause does not guard... [-Werror=misleading-indentation]
          if(map->buckets->key=NULL);
          ^~
hashmap.c:108:10: note: ...this statement, but the latter is misleadingly indented as if it were guarded by the ‘if’
          {
          ^
cc1: all warnings being treated as errors
Compilation failed
89316ea
Sun Apr 10 02:17:42 UTC 2022: 
 hashmap.c | 2 +-
 1 file changed, 1 insertion(+), 1 deletion(-)
In file included from test.c:4:0:
hashmap.c: In function ‘firstMap’:
hashmap.c:107:13: error: suggest parentheses around assignment used as truth value [-Werror=parentheses]
          if(map->buckets[i]->key=NULL);
             ^~~
hashmap.c:107:10: error: this ‘if’ clause does not guard... [-Werror=misleading-indentation]
          if(map->buckets[i]->key=NULL);
          ^~
hashmap.c:108:10: note: ...this statement, but the latter is misleadingly indented as if it were guarded by the ‘if’
          {
          ^
cc1: all warnings being treated as errors
Compilation failed
4dc0f6d
Sun Apr 10 02:18:01 UTC 2022: 
 hashmap.c | 2 +-
 1 file changed, 1 insertion(+), 1 deletion(-)
In file included from test.c:4:0:
hashmap.c: In function ‘firstMap’:
hashmap.c:107:10: error: this ‘if’ clause does not guard... [-Werror=misleading-indentation]
          if(map->buckets[i]->key!=NULL);
          ^~
hashmap.c:108:10: note: ...this statement, but the latter is misleadingly indented as if it were guarded by the ‘if’
          {
          ^
cc1: all warnings being treated as errors
Compilation failed
5d8ea90
Sun Apr 10 02:18:17 UTC 2022: 
 hashmap.c | 2 +-
 1 file changed, 1 insertion(+), 1 deletion(-)
 tests:  7|3
total_score: 30/70
9017d42
Sun Apr 10 02:20:17 UTC 2022: 
 hashmap.c | 3 +--
 1 file changed, 1 insertion(+), 2 deletions(-)
 tests:  7|3
total_score: 30/70
f1ab216
Sun Apr 10 02:20:30 UTC 2022: 
 hashmap.c | 11 +----------
 1 file changed, 1 insertion(+), 10 deletions(-)
 tests:  7|3
total_score: 30/70
400dbb6
Sun Apr 10 02:21:01 UTC 2022: 
 hashmap.c | 11 ++++++++++-
 1 file changed, 10 insertions(+), 1 deletion(-)
 tests:  7|3
total_score: 30/70
5f6b7f1
Sun Apr 10 02:21:56 UTC 2022: 
 hashmap.c | 1 +
 1 file changed, 1 insertion(+)
 tests:  7|3
total_score: 30/70
e2188b0
Sun Apr 10 02:22:51 UTC 2022: 
 hashmap.c | 2 +-
 1 file changed, 1 insertion(+), 1 deletion(-)
 tests:  9|3
total_score: 30/70
91991f7
Sun Apr 10 02:24:45 UTC 2022: 
 hashmap.c | 13 +++++++++++--
 1 file changed, 11 insertions(+), 2 deletions(-)
 tests:  9|3
total_score: 30/70
181cfad
Sun Apr 10 02:26:23 UTC 2022: 
 hashmap.c | 6 ++++--
 1 file changed, 4 insertions(+), 2 deletions(-)
In file included from test.c:4:0:
hashmap.c:117:1: error: expected identifier or ‘(’ before ‘{’ token
 {
 ^
Compilation failed
ac0c6ed
Sun Apr 10 02:26:38 UTC 2022: 
 hashmap.c | 2 +-
 1 file changed, 1 insertion(+), 1 deletion(-)
 tests:  9|3
total_score: 30/70
502e0f5
